<?xml version="1.0" encoding="UTF-8"?>
<coverage generated="1694469098397" clover="3.2.0">
  <project timestamp="1694469098398" name="All files">
    <metrics statements="2" coveredstatements="2" conditionals="0" coveredconditionals="0" methods="2" coveredmethods="2" elements="4" coveredelements="4" complexity="0" loc="2" ncloc="2" packages="1" files="2" classes="2"/>
    <file name="AppRoutes.jsx" path="/Users/tetyanagoncharenko/rails7-react-blog/client/src/components/AppRoutes.jsx">
      <metrics statements="1" coveredstatements="1" conditionals="0" coveredconditionals="0" methods="1" coveredmethods="1"/>
      <line num="9" count="4" type="stmt"/>
    </file>
    <file name="NavBar.jsx" path="/Users/tetyanagoncharenko/rails7-react-blog/client/src/components/NavBar.jsx">
      <metrics statements="1" coveredstatements="1" conditionals="0" coveredconditionals="0" methods="1" coveredmethods="1"/>
      <line num="4" count="1" type="stmt"/>
    </file>
  </project>
</coverage>
