{"/Users/tetyanagoncharenko/rails7-react-blog/client/src/components/AppRoutes.jsx": {"path":"/Users/tetyanagoncharenko/rails7-react-blog/client/src/components/AppRoutes.jsx","statementMap":{"0":{"start":{"line":9,"column":4},"end":{"line":16,"column":6}}},"fnMap":{"0":{"name":"AppRoutes","decl":{"start":{"line":8,"column":9},"end":{"line":8,"column":18}},"loc":{"start":{"line":8,"column":21},"end":{"line":17,"column":1}},"line":8}},"branchMap":{},"s":{"0":4},"f":{"0":4},"b":{},"_coverageSchema":"1a1c01bbd47fc00a2c39e90264f33305004495a9","hash":"34745c8bc847ba03f4cfb05623e389e41ac3595a"}
,"/Users/tetyanagoncharenko/rails7-react-blog/client/src/components/NavBar.jsx": {"path":"/Users/tetyanagoncharenko/rails7-react-blog/client/src/components/NavBar.jsx","statementMap":{"0":{"start":{"line":4,"column":4},"end":{"line":10,"column":6}}},"fnMap":{"0":{"name":"NavBar","decl":{"start":{"line":3,"column":9},"end":{"line":3,"column":15}},"loc":{"start":{"line":3,"column":18},"end":{"line":11,"column":1}},"line":3}},"branchMap":{},"s":{"0":1},"f":{"0":1},"b":{},"_coverageSchema":"1a1c01bbd47fc00a2c39e90264f33305004495a9","hash":"2a99a4bbc6395048b4632d12e24b5687a39393ea"}
}
